[02:40:02,87] [INFO]: Running script at: 09/02/2023 02:40:02
[02:40:02,963] [INFO]: Player Alex Carey on 10. No Alert created
[02:40:02,963] [INFO]: Player Peter Handscomb on 20. No Alert created
[02:40:02,963] [INFO]: Alert jobs finished
[02:40:02,963] [INFO]: ------------------------------
[03:00:02,215] [INFO]: Running script at: 09/02/2023 03:00:02
[03:00:02,885] [INFO]: Player Alex Carey on 21. No Alert created
[03:00:02,886] [INFO]: Player Peter Handscomb on 23. No Alert created
[03:00:02,886] [INFO]: Alert jobs finished
[03:00:02,886] [INFO]: ------------------------------
[03:20:02,140] [INFO]: Running script at: 09/02/2023 03:20:02
[03:20:02,890] [INFO]: Player Peter Handscomb on 23. No Alert created
[03:20:02,890] [INFO]: Player Pat Cummins on 6. No Alert created
[03:20:02,890] [INFO]: Alert jobs finished
[03:20:02,890] [INFO]: ------------------------------
[03:40:02,125] [INFO]: Running script at: 09/02/2023 03:40:02
[03:40:02,740] [INFO]: Player Nathan Lyon on 0. No Alert created
[03:40:02,740] [INFO]: Player Peter Handscomb on 29. No Alert created
[03:40:02,741] [INFO]: Alert jobs finished
[03:40:02,741] [INFO]: ------------------------------
[04:00:01,976] [INFO]: Running script at: 09/02/2023 04:00:01
[04:00:02,816] [WARNING]: Match not in Progress
[04:00:02,816] [INFO]: Alert jobs finished
[04:00:02,816] [INFO]: ------------------------------
[04:20:02,62] [INFO]: Running script at: 09/02/2023 04:20:02
[04:20:02,543] [WARNING]: Match not in Progress
[04:20:02,543] [INFO]: Alert jobs finished
[04:20:02,543] [INFO]: ------------------------------
[04:40:01,776] [INFO]: Running script at: 09/02/2023 04:40:01
[04:40:02,370] [INFO]: Player Rohit Sharma on 15. No Alert created
[04:40:02,370] [INFO]: Player KL Rahul on 0. No Alert created
[04:40:02,370] [INFO]: Alert jobs finished
[04:40:02,370] [INFO]: ------------------------------
[05:00:01,598] [INFO]: Running script at: 09/02/2023 05:00:01
[05:00:02,575] [INFO]: Player KL Rahul on 2. No Alert created
[05:00:02,575] [INFO]: Player Rohit Sharma on 31. No Alert created
[05:00:02,575] [INFO]: Alert jobs finished
[05:00:02,575] [INFO]: ------------------------------
[05:20:01,810] [INFO]: Running script at: 09/02/2023 05:20:01
[05:20:02,952] [INFO]: Player KL Rahul on 5. No Alert created
[05:20:02,952] [INFO]: Player Rohit Sharma on 32. No Alert created
[05:20:02,952] [INFO]: Alert jobs finished
[05:20:02,952] [INFO]: ------------------------------
[05:40:02,182] [INFO]: Running script at: 09/02/2023 05:40:02
[05:40:02,916] [INFO]: Player KL Rahul on 16. No Alert created
[05:40:02,916] [INFO]: Player Rohit Sharma on 42. No Alert created
[05:40:02,916] [INFO]: Alert jobs finished
[05:40:02,916] [INFO]: ------------------------------
[06:00:02,147] [INFO]: Running script at: 09/02/2023 06:00:02
[06:00:02,882] [INFO]: Player Ravichandran Ashwin on 0. No Alert created
[06:00:02,882] [INFO]: Player Rohit Sharma on 55. No Alert created
[06:00:02,882] [INFO]: Alert jobs finished
[06:00:02,882] [INFO]: ------------------------------
[06:20:02,118] [INFO]: Running script at: 09/02/2023 06:20:02
[06:20:03,28] [WARNING]: Match not in Progress
[06:20:03,28] [INFO]: Alert jobs finished
[06:20:03,28] [INFO]: ------------------------------
[06:40:01,271] [INFO]: Running script at: 09/02/2023 06:40:01
[06:40:02,44] [WARNING]: Match not in Progress
[06:40:02,44] [INFO]: Alert jobs finished
[06:40:02,44] [INFO]: ------------------------------
[07:00:01,274] [INFO]: Running script at: 09/02/2023 07:00:01
[07:00:01,910] [WARNING]: Match not in Progress
[07:00:01,910] [INFO]: Alert jobs finished
[07:00:01,910] [INFO]: ------------------------------
[07:20:02,147] [INFO]: Running script at: 09/02/2023 07:20:02
[07:20:03,47] [WARNING]: Match not in Progress
[07:20:03,47] [INFO]: Alert jobs finished
[07:20:03,47] [INFO]: ------------------------------
[07:40:01,291] [INFO]: Running script at: 09/02/2023 07:40:01
[07:40:02,211] [WARNING]: Match not in Progress
[07:40:02,211] [INFO]: Alert jobs finished
[07:40:02,211] [INFO]: ------------------------------
[08:00:01,443] [INFO]: Running script at: 09/02/2023 08:00:01
[08:00:02,478] [WARNING]: Match not in Progress
[08:00:02,479] [INFO]: Alert jobs finished
[08:00:02,479] [INFO]: ------------------------------
[08:20:01,763] [INFO]: Running script at: 09/02/2023 08:20:01
[08:20:03,217] [WARNING]: Match not in Progress
[08:20:03,217] [INFO]: Alert jobs finished
[08:20:03,217] [INFO]: ------------------------------
[08:40:01,462] [INFO]: Running script at: 09/02/2023 08:40:01
[08:40:02,390] [WARNING]: Match not in Progress
[08:40:02,390] [INFO]: Alert jobs finished
[08:40:02,390] [INFO]: ------------------------------
[09:00:01,633] [INFO]: Running script at: 09/02/2023 09:00:01
[09:00:02,710] [WARNING]: Match not in Progress
[09:00:02,710] [INFO]: Alert jobs finished
[09:00:02,710] [INFO]: ------------------------------
[09:20:01,949] [INFO]: Running script at: 09/02/2023 09:20:01
[09:20:03,282] [WARNING]: Match not in Progress
[09:20:03,282] [INFO]: Alert jobs finished
[09:20:03,282] [INFO]: ------------------------------
[09:40:01,525] [INFO]: Running script at: 09/02/2023 09:40:01
[09:40:02,454] [WARNING]: Match not in Progress
[09:40:02,454] [INFO]: Alert jobs finished
[09:40:02,454] [INFO]: ------------------------------
[10:00:01,692] [INFO]: Running script at: 09/02/2023 10:00:01
[10:00:02,608] [WARNING]: Match not in Progress
[10:00:02,608] [INFO]: Alert jobs finished
[10:00:02,608] [INFO]: ------------------------------
[10:20:01,849] [INFO]: Running script at: 09/02/2023 10:20:01
[10:20:02,755] [WARNING]: Match not in Progress
[10:20:02,756] [INFO]: Alert jobs finished
[10:20:02,756] [INFO]: ------------------------------
[10:40:01,999] [INFO]: Running script at: 09/02/2023 10:40:01
[10:40:02,839] [WARNING]: Match not in Progress
[10:40:02,839] [INFO]: Alert jobs finished
[10:40:02,839] [INFO]: ------------------------------
[11:00:02,72] [INFO]: Running script at: 09/02/2023 11:00:02
[11:00:03,83] [WARNING]: Match not in Progress
[11:00:03,83] [INFO]: Alert jobs finished
[11:00:03,83] [INFO]: ------------------------------
[11:20:01,319] [INFO]: Running script at: 09/02/2023 11:20:01
[11:20:02,228] [WARNING]: Match not in Progress
[11:20:02,228] [INFO]: Alert jobs finished
[11:20:02,228] [INFO]: ------------------------------
